TN:
SF:src\app.ts
FN:9,initialize
FNF:1
FNH:0
FNDA:0,initialize
DA:1,0
DA:3,0
DA:4,0
DA:5,0
DA:7,0
DA:10,0
DA:11,0
DA:12,0
DA:14,0
LF:9
LH:0
BRF:0
BRH:0
end_of_record
TN:
SF:src\config.ts
FN:13,(anonymous_1)
FNF:1
FNH:1
FNDA:2,(anonymous_1)
DA:1,2
DA:3,2
DA:14,2
DA:15,2
DA:16,2
DA:17,2
DA:18,2
DA:19,2
DA:23,2
LF:9
LH:9
BRDA:14,0,0,2
BRDA:14,0,1,0
BRDA:15,1,0,2
BRDA:15,1,1,0
BRDA:16,2,0,2
BRDA:16,2,1,0
BRDA:17,3,0,2
BRDA:17,3,1,0
BRDA:18,4,0,2
BRDA:18,4,1,0
BRDA:19,5,0,2
BRDA:19,5,1,0
BRF:12
BRH:6
end_of_record
TN:
SF:src\elasticsearch.ts
FN:13,checkConnection
FNF:1
FNH:0
FNDA:0,checkConnection
DA:1,0
DA:3,0
DA:4,0
DA:7,0
DA:9,0
DA:13,0
DA:14,0
DA:15,0
DA:16,0
DA:17,0
DA:18,0
DA:19,0
DA:21,0
DA:22,0
LF:14
LH:0
BRF:0
BRH:0
end_of_record
TN:
SF:src\helpers.ts
FN:11,emailTemplates
FNF:1
FNH:0
FNDA:0,emailTemplates
DA:1,1
DA:3,1
DA:5,1
DA:6,1
DA:7,1
DA:9,1
DA:12,0
DA:13,0
DA:21,0
DA:42,0
DA:48,0
DA:52,1
LF:12
LH:7
BRF:0
BRH:0
end_of_record
TN:
SF:src\routes.ts
FN:6,healthRoutes
FN:7,(anonymous_2)
FNF:2
FNH:0
FNDA:0,healthRoutes
FNDA:0,(anonymous_2)
DA:1,0
DA:2,0
DA:4,0
DA:6,0
DA:7,0
DA:8,0
DA:10,0
LF:7
LH:0
BRF:0
BRH:0
end_of_record
TN:
SF:src\server.ts
FN:17,start
FN:24,startQueues
FN:30,startElasticSearch
FN:34,startServer
FN:38,(anonymous_13)
FNF:5
FNH:0
FNDA:0,start
FNDA:0,startQueues
FNDA:0,startElasticSearch
FNDA:0,startServer
FNDA:0,(anonymous_13)
DA:1,0
DA:2,0
DA:4,0
DA:6,0
DA:8,0
DA:9,0
DA:10,0
DA:12,0
DA:14,0
DA:15,0
DA:17,0
DA:18,0
DA:19,0
DA:20,0
DA:21,0
DA:25,0
DA:26,0
DA:27,0
DA:31,0
DA:35,0
DA:36,0
DA:37,0
DA:38,0
DA:39,0
DA:42,0
LF:25
LH:0
BRF:0
BRH:0
end_of_record
TN:
SF:src\queues\connection.ts
FN:8,createConnection
FN:21,closeConnection
FN:22,(anonymous_11)
FN:22,(anonymous_12)
FNF:4
FNH:0
FNDA:0,createConnection
FNDA:0,closeConnection
FNDA:0,(anonymous_11)
FNDA:0,(anonymous_12)
DA:1,1
DA:2,1
DA:3,1
DA:6,1
DA:9,0
DA:10,0
DA:11,0
DA:12,0
DA:13,0
DA:14,0
DA:16,0
DA:17,0
DA:22,0
DA:23,0
DA:24,0
DA:28,1
LF:16
LH:5
BRF:0
BRH:0
end_of_record
TN:
SF:src\queues\email.consumer.ts
FN:10,consumeAuthEmailMessages
FN:21,(anonymous_9)
FN:21,(anonymous_10)
FN:39,consumeOrderEmailMessages
FN:50,(anonymous_13)
FN:50,(anonymous_14)
FNF:6
FNH:2
FNDA:1,consumeAuthEmailMessages
FNDA:0,(anonymous_9)
FNDA:0,(anonymous_10)
FNDA:1,consumeOrderEmailMessages
FNDA:0,(anonymous_13)
FNDA:0,(anonymous_14)
DA:1,1
DA:2,1
DA:5,1
DA:6,1
DA:8,1
DA:11,1
DA:12,1
DA:13,0
DA:15,1
DA:16,1
DA:17,1
DA:18,1
DA:19,1
DA:20,1
DA:21,1
DA:22,0
DA:23,0
DA:31,0
DA:32,0
DA:35,0
DA:40,1
DA:41,1
DA:42,0
DA:44,1
DA:45,1
DA:46,1
DA:47,1
DA:48,1
DA:49,1
DA:50,1
DA:76,0
DA:77,0
DA:103,0
DA:104,0
DA:105,0
DA:107,0
DA:109,0
DA:112,0
DA:116,1
LF:39
LH:24
BRDA:12,0,0,0
BRDA:41,1,0,0
BRDA:103,2,0,0
BRDA:103,2,1,0
BRF:4
BRH:0
end_of_record
TN:
SF:src\queues\mail.transport.ts
FN:8,sendEmail
FNF:1
FNH:0
FNDA:0,sendEmail
DA:1,1
DA:2,1
DA:3,1
DA:6,1
DA:9,0
DA:10,0
DA:11,0
DA:13,0
DA:17,1
LF:9
LH:5
BRF:0
BRH:0
end_of_record
